{"total": {"lines":{"total":3248,"covered":3025,"skipped":0,"pct":93.13},"statements":{"total":3591,"covered":3309,"skipped":0,"pct":92.14},"functions":{"total":1163,"covered":1015,"skipped":0,"pct":87.27},"branches":{"total":1628,"covered":1367,"skipped":0,"pct":83.96},"branchesTrue":{"total":0,"covered":0,"skipped":0,"pct":100}}
,"/home/romeo/dev/my/orchid-orm/packages/qb/pqb/src/adapter.ts": {"lines":{"total":53,"covered":47,"skipped":0,"pct":88.67},"functions":{"total":19,"covered":13,"skipped":0,"pct":68.42},"statements":{"total":54,"covered":48,"skipped":0,"pct":88.88},"branches":{"total":21,"covered":14,"skipped":0,"pct":66.66}}
,"/home/romeo/dev/my/orchid-orm/packages/qb/pqb/src/columnsOperators.ts": {"lines":{"total":56,"covered":56,"skipped":0,"pct":100},"functions":{"total":45,"covered":44,"skipped":0,"pct":97.77},"statements":{"total":63,"covered":62,"skipped":0,"pct":98.41},"branches":{"total":12,"covered":11,"skipped":0,"pct":91.66}}
,"/home/romeo/dev/my/orchid-orm/packages/qb/pqb/src/db.ts": {"lines":{"total":68,"covered":67,"skipped":0,"pct":98.52},"functions":{"total":12,"covered":11,"skipped":0,"pct":91.66},"statements":{"total":73,"covered":72,"skipped":0,"pct":98.63},"branches":{"total":54,"covered":51,"skipped":0,"pct":94.44}}
,"/home/romeo/dev/my/orchid-orm/packages/qb/pqb/src/errors.ts": {"lines":{"total":18,"covered":14,"skipped":0,"pct":77.77},"functions":{"total":11,"covered":7,"skipped":0,"pct":63.63},"statements":{"total":19,"covered":14,"skipped":0,"pct":73.68},"branches":{"total":10,"covered":8,"skipped":0,"pct":80}}
,"/home/romeo/dev/my/orchid-orm/packages/qb/pqb/src/query.ts": {"lines":{"total":4,"covered":3,"skipped":0,"pct":75},"functions":{"total":4,"covered":1,"skipped":0,"pct":25},"statements":{"total":7,"covered":4,"skipped":0,"pct":57.14},"branches":{"total":2,"covered":0,"skipped":0,"pct":0}}
,"/home/romeo/dev/my/orchid-orm/packages/qb/pqb/src/queryDataUtils.ts": {"lines":{"total":14,"covered":13,"skipped":0,"pct":92.85},"functions":{"total":6,"covered":6,"skipped":0,"pct":100},"statements":{"total":17,"covered":16,"skipped":0,"pct":94.11},"branches":{"total":4,"covered":3,"skipped":0,"pct":75}}
,"/home/romeo/dev/my/orchid-orm/packages/qb/pqb/src/quote.ts": {"lines":{"total":24,"covered":24,"skipped":0,"pct":100},"functions":{"total":6,"covered":6,"skipped":0,"pct":100},"statements":{"total":38,"covered":37,"skipped":0,"pct":97.36},"branches":{"total":32,"covered":31,"skipped":0,"pct":96.87}}
,"/home/romeo/dev/my/orchid-orm/packages/qb/pqb/src/raw.ts": {"lines":{"total":27,"covered":27,"skipped":0,"pct":100},"functions":{"total":9,"covered":9,"skipped":0,"pct":100},"statements":{"total":33,"covered":33,"skipped":0,"pct":100},"branches":{"total":8,"covered":8,"skipped":0,"pct":100}}
,"/home/romeo/dev/my/orchid-orm/packages/qb/pqb/src/relations.ts": {"lines":{"total":2,"covered":2,"skipped":0,"pct":100},"functions":{"total":2,"covered":1,"skipped":0,"pct":50},"statements":{"total":4,"covered":3,"skipped":0,"pct":75},"branches":{"total":0,"covered":0,"skipped":0,"pct":100}}
,"/home/romeo/dev/my/orchid-orm/packages/qb/pqb/src/utils.ts": {"lines":{"total":36,"covered":36,"skipped":0,"pct":100},"functions":{"total":26,"covered":26,"skipped":0,"pct":100},"statements":{"total":51,"covered":51,"skipped":0,"pct":100},"branches":{"total":12,"covered":12,"skipped":0,"pct":100}}
,"/home/romeo/dev/my/orchid-orm/packages/qb/pqb/src/columnSchema/array.ts": {"lines":{"total":71,"covered":59,"skipped":0,"pct":83.09},"functions":{"total":7,"covered":6,"skipped":0,"pct":85.71},"statements":{"total":74,"covered":61,"skipped":0,"pct":82.43},"branches":{"total":36,"covered":27,"skipped":0,"pct":75}}
,"/home/romeo/dev/my/orchid-orm/packages/qb/pqb/src/columnSchema/boolean.ts": {"lines":{"total":8,"covered":8,"skipped":0,"pct":100},"functions":{"total":3,"covered":3,"skipped":0,"pct":100},"statements":{"total":9,"covered":9,"skipped":0,"pct":100},"branches":{"total":0,"covered":0,"skipped":0,"pct":100}}
,"/home/romeo/dev/my/orchid-orm/packages/qb/pqb/src/columnSchema/code.ts": {"lines":{"total":206,"covered":205,"skipped":0,"pct":99.51},"functions":{"total":30,"covered":22,"skipped":0,"pct":73.33},"statements":{"total":240,"covered":227,"skipped":0,"pct":94.58},"branches":{"total":128,"covered":117,"skipped":0,"pct":91.4}}
,"/home/romeo/dev/my/orchid-orm/packages/qb/pqb/src/columnSchema/columnType.ts": {"lines":{"total":51,"covered":49,"skipped":0,"pct":96.07},"functions":{"total":25,"covered":24,"skipped":0,"pct":96},"statements":{"total":52,"covered":50,"skipped":0,"pct":96.15},"branches":{"total":11,"covered":8,"skipped":0,"pct":72.72}}
,"/home/romeo/dev/my/orchid-orm/packages/qb/pqb/src/columnSchema/columnTypes.ts": {"lines":{"total":87,"covered":44,"skipped":0,"pct":50.57},"functions":{"total":63,"covered":22,"skipped":0,"pct":34.92},"statements":{"total":95,"covered":50,"skipped":0,"pct":52.63},"branches":{"total":15,"covered":9,"skipped":0,"pct":60}}
,"/home/romeo/dev/my/orchid-orm/packages/qb/pqb/src/columnSchema/columnsByType.ts": {"lines":{"total":7,"covered":6,"skipped":0,"pct":85.71},"functions":{"total":1,"covered":0,"skipped":0,"pct":0},"statements":{"total":7,"covered":6,"skipped":0,"pct":85.71},"branches":{"total":0,"covered":0,"skipped":0,"pct":100}}
,"/home/romeo/dev/my/orchid-orm/packages/qb/pqb/src/columnSchema/columnsSchema.ts": {"lines":{"total":13,"covered":2,"skipped":0,"pct":15.38},"functions":{"total":5,"covered":0,"skipped":0,"pct":0},"statements":{"total":13,"covered":2,"skipped":0,"pct":15.38},"branches":{"total":0,"covered":0,"skipped":0,"pct":100}}
,"/home/romeo/dev/my/orchid-orm/packages/qb/pqb/src/columnSchema/commonMethods.ts": {"lines":{"total":39,"covered":39,"skipped":0,"pct":100},"functions":{"total":36,"covered":35,"skipped":0,"pct":97.22},"statements":{"total":46,"covered":45,"skipped":0,"pct":97.82},"branches":{"total":8,"covered":4,"skipped":0,"pct":50}}
,"/home/romeo/dev/my/orchid-orm/packages/qb/pqb/src/columnSchema/dateTime.ts": {"lines":{"total":55,"covered":49,"skipped":0,"pct":89.09},"functions":{"total":27,"covered":21,"skipped":0,"pct":77.77},"statements":{"total":59,"covered":53,"skipped":0,"pct":89.83},"branches":{"total":24,"covered":16,"skipped":0,"pct":66.66}}
,"/home/romeo/dev/my/orchid-orm/packages/qb/pqb/src/columnSchema/enum.ts": {"lines":{"total":11,"covered":10,"skipped":0,"pct":90.9},"functions":{"total":5,"covered":4,"skipped":0,"pct":80},"statements":{"total":12,"covered":11,"skipped":0,"pct":91.66},"branches":{"total":0,"covered":0,"skipped":0,"pct":100}}
,"/home/romeo/dev/my/orchid-orm/packages/qb/pqb/src/columnSchema/index.ts": {"lines":{"total":14,"covered":14,"skipped":0,"pct":100},"functions":{"total":0,"covered":0,"skipped":0,"pct":100},"statements":{"total":14,"covered":14,"skipped":0,"pct":100},"branches":{"total":0,"covered":0,"skipped":0,"pct":100}}
,"/home/romeo/dev/my/orchid-orm/packages/qb/pqb/src/columnSchema/json.ts": {"lines":{"total":18,"covered":18,"skipped":0,"pct":100},"functions":{"total":6,"covered":5,"skipped":0,"pct":83.33},"statements":{"total":19,"covered":18,"skipped":0,"pct":94.73},"branches":{"total":3,"covered":1,"skipped":0,"pct":33.33}}
,"/home/romeo/dev/my/orchid-orm/packages/qb/pqb/src/columnSchema/number.ts": {"lines":{"total":65,"covered":60,"skipped":0,"pct":92.3},"functions":{"total":25,"covered":21,"skipped":0,"pct":84},"statements":{"total":70,"covered":65,"skipped":0,"pct":92.85},"branches":{"total":13,"covered":9,"skipped":0,"pct":69.23}}
,"/home/romeo/dev/my/orchid-orm/packages/qb/pqb/src/columnSchema/string.ts": {"lines":{"total":145,"covered":140,"skipped":0,"pct":96.55},"functions":{"total":55,"covered":50,"skipped":0,"pct":90.9},"statements":{"total":153,"covered":148,"skipped":0,"pct":96.73},"branches":{"total":41,"covered":35,"skipped":0,"pct":85.36}}
,"/home/romeo/dev/my/orchid-orm/packages/qb/pqb/src/columnSchema/utils.ts": {"lines":{"total":7,"covered":7,"skipped":0,"pct":100},"functions":{"total":5,"covered":4,"skipped":0,"pct":80},"statements":{"total":9,"covered":8,"skipped":0,"pct":88.88},"branches":{"total":0,"covered":0,"skipped":0,"pct":100}}
,"/home/romeo/dev/my/orchid-orm/packages/qb/pqb/src/columnSchema/virtual.ts": {"lines":{"total":6,"covered":3,"skipped":0,"pct":50},"functions":{"total":2,"covered":1,"skipped":0,"pct":50},"statements":{"total":6,"covered":3,"skipped":0,"pct":50},"branches":{"total":0,"covered":0,"skipped":0,"pct":100}}
,"/home/romeo/dev/my/orchid-orm/packages/qb/pqb/src/columnSchema/json/array.ts": {"lines":{"total":15,"covered":15,"skipped":0,"pct":100},"functions":{"total":4,"covered":4,"skipped":0,"pct":100},"statements":{"total":18,"covered":18,"skipped":0,"pct":100},"branches":{"total":7,"covered":7,"skipped":0,"pct":100}}
,"/home/romeo/dev/my/orchid-orm/packages/qb/pqb/src/columnSchema/json/discriminatedUnion.ts": {"lines":{"total":16,"covered":10,"skipped":0,"pct":62.5},"functions":{"total":7,"covered":5,"skipped":0,"pct":71.42},"statements":{"total":17,"covered":11,"skipped":0,"pct":64.7},"branches":{"total":0,"covered":0,"skipped":0,"pct":100}}
,"/home/romeo/dev/my/orchid-orm/packages/qb/pqb/src/columnSchema/json/enum.ts": {"lines":{"total":10,"covered":10,"skipped":0,"pct":100},"functions":{"total":5,"covered":4,"skipped":0,"pct":80},"statements":{"total":12,"covered":11,"skipped":0,"pct":91.66},"branches":{"total":0,"covered":0,"skipped":0,"pct":100}}
,"/home/romeo/dev/my/orchid-orm/packages/qb/pqb/src/columnSchema/json/index.ts": {"lines":{"total":20,"covered":19,"skipped":0,"pct":95},"functions":{"total":1,"covered":0,"skipped":0,"pct":0},"statements":{"total":20,"covered":19,"skipped":0,"pct":95},"branches":{"total":0,"covered":0,"skipped":0,"pct":100}}
,"/home/romeo/dev/my/orchid-orm/packages/qb/pqb/src/columnSchema/json/instanceOf.ts": {"lines":{"total":4,"covered":4,"skipped":0,"pct":100},"functions":{"total":3,"covered":3,"skipped":0,"pct":100},"statements":{"total":5,"covered":5,"skipped":0,"pct":100},"branches":{"total":0,"covered":0,"skipped":0,"pct":100}}
,"/home/romeo/dev/my/orchid-orm/packages/qb/pqb/src/columnSchema/json/intersection.ts": {"lines":{"total":13,"covered":13,"skipped":0,"pct":100},"functions":{"total":3,"covered":3,"skipped":0,"pct":100},"statements":{"total":14,"covered":14,"skipped":0,"pct":100},"branches":{"total":2,"covered":2,"skipped":0,"pct":100}}
,"/home/romeo/dev/my/orchid-orm/packages/qb/pqb/src/columnSchema/json/lazy.ts": {"lines":{"total":8,"covered":8,"skipped":0,"pct":100},"functions":{"total":6,"covered":6,"skipped":0,"pct":100},"statements":{"total":9,"covered":9,"skipped":0,"pct":100},"branches":{"total":2,"covered":2,"skipped":0,"pct":100}}
,"/home/romeo/dev/my/orchid-orm/packages/qb/pqb/src/columnSchema/json/literal.ts": {"lines":{"total":6,"covered":6,"skipped":0,"pct":100},"functions":{"total":3,"covered":3,"skipped":0,"pct":100},"statements":{"total":7,"covered":7,"skipped":0,"pct":100},"branches":{"total":2,"covered":1,"skipped":0,"pct":50}}
,"/home/romeo/dev/my/orchid-orm/packages/qb/pqb/src/columnSchema/json/map.ts": {"lines":{"total":5,"covered":4,"skipped":0,"pct":80},"functions":{"total":4,"covered":3,"skipped":0,"pct":75},"statements":{"total":6,"covered":5,"skipped":0,"pct":83.33},"branches":{"total":0,"covered":0,"skipped":0,"pct":100}}
,"/home/romeo/dev/my/orchid-orm/packages/qb/pqb/src/columnSchema/json/nativeEnum.ts": {"lines":{"total":11,"covered":11,"skipped":0,"pct":100},"functions":{"total":6,"covered":5,"skipped":0,"pct":83.33},"statements":{"total":13,"covered":12,"skipped":0,"pct":92.3},"branches":{"total":3,"covered":3,"skipped":0,"pct":100}}
,"/home/romeo/dev/my/orchid-orm/packages/qb/pqb/src/columnSchema/json/nullable.ts": {"lines":{"total":5,"covered":5,"skipped":0,"pct":100},"functions":{"total":4,"covered":4,"skipped":0,"pct":100},"statements":{"total":7,"covered":7,"skipped":0,"pct":100},"branches":{"total":0,"covered":0,"skipped":0,"pct":100}}
,"/home/romeo/dev/my/orchid-orm/packages/qb/pqb/src/columnSchema/json/nullish.ts": {"lines":{"total":5,"covered":5,"skipped":0,"pct":100},"functions":{"total":4,"covered":4,"skipped":0,"pct":100},"statements":{"total":7,"covered":7,"skipped":0,"pct":100},"branches":{"total":0,"covered":0,"skipped":0,"pct":100}}
,"/home/romeo/dev/my/orchid-orm/packages/qb/pqb/src/columnSchema/json/object.ts": {"lines":{"total":40,"covered":37,"skipped":0,"pct":92.5},"functions":{"total":16,"covered":14,"skipped":0,"pct":87.5},"statements":{"total":42,"covered":39,"skipped":0,"pct":92.85},"branches":{"total":7,"covered":6,"skipped":0,"pct":85.71}}
,"/home/romeo/dev/my/orchid-orm/packages/qb/pqb/src/columnSchema/json/optional.ts": {"lines":{"total":5,"covered":5,"skipped":0,"pct":100},"functions":{"total":4,"covered":4,"skipped":0,"pct":100},"statements":{"total":7,"covered":7,"skipped":0,"pct":100},"branches":{"total":0,"covered":0,"skipped":0,"pct":100}}
,"/home/romeo/dev/my/orchid-orm/packages/qb/pqb/src/columnSchema/json/record.ts": {"lines":{"total":7,"covered":6,"skipped":0,"pct":85.71},"functions":{"total":3,"covered":2,"skipped":0,"pct":66.66},"statements":{"total":7,"covered":6,"skipped":0,"pct":85.71},"branches":{"total":4,"covered":4,"skipped":0,"pct":100}}
,"/home/romeo/dev/my/orchid-orm/packages/qb/pqb/src/columnSchema/json/scalarTypes.ts": {"lines":{"total":73,"covered":73,"skipped":0,"pct":100},"functions":{"total":25,"covered":25,"skipped":0,"pct":100},"statements":{"total":87,"covered":87,"skipped":0,"pct":100},"branches":{"total":23,"covered":23,"skipped":0,"pct":100}}
,"/home/romeo/dev/my/orchid-orm/packages/qb/pqb/src/columnSchema/json/set.ts": {"lines":{"total":15,"covered":15,"skipped":0,"pct":100},"functions":{"total":4,"covered":4,"skipped":0,"pct":100},"statements":{"total":18,"covered":18,"skipped":0,"pct":100},"branches":{"total":7,"covered":7,"skipped":0,"pct":100}}
,"/home/romeo/dev/my/orchid-orm/packages/qb/pqb/src/columnSchema/json/tuple.ts": {"lines":{"total":8,"covered":5,"skipped":0,"pct":62.5},"functions":{"total":7,"covered":4,"skipped":0,"pct":57.14},"statements":{"total":9,"covered":6,"skipped":0,"pct":66.66},"branches":{"total":3,"covered":3,"skipped":0,"pct":100}}
,"/home/romeo/dev/my/orchid-orm/packages/qb/pqb/src/columnSchema/json/typeBase.ts": {"lines":{"total":45,"covered":44,"skipped":0,"pct":97.77},"functions":{"total":20,"covered":19,"skipped":0,"pct":95},"statements":{"total":47,"covered":46,"skipped":0,"pct":97.87},"branches":{"total":10,"covered":10,"skipped":0,"pct":100}}
,"/home/romeo/dev/my/orchid-orm/packages/qb/pqb/src/columnSchema/json/union.ts": {"lines":{"total":13,"covered":13,"skipped":0,"pct":100},"functions":{"total":4,"covered":4,"skipped":0,"pct":100},"statements":{"total":14,"covered":14,"skipped":0,"pct":100},"branches":{"total":4,"covered":3,"skipped":0,"pct":75}}
,"/home/romeo/dev/my/orchid-orm/packages/qb/pqb/src/queryMethods/aggregate.ts": {"lines":{"total":91,"covered":88,"skipped":0,"pct":96.7},"functions":{"total":72,"covered":70,"skipped":0,"pct":97.22},"statements":{"total":92,"covered":88,"skipped":0,"pct":95.65},"branches":{"total":34,"covered":31,"skipped":0,"pct":91.17}}
,"/home/romeo/dev/my/orchid-orm/packages/qb/pqb/src/queryMethods/callbacks.ts": {"lines":{"total":18,"covered":18,"skipped":0,"pct":100},"functions":{"total":17,"covered":17,"skipped":0,"pct":100},"statements":{"total":18,"covered":18,"skipped":0,"pct":100},"branches":{"total":0,"covered":0,"skipped":0,"pct":100}}
,"/home/romeo/dev/my/orchid-orm/packages/qb/pqb/src/queryMethods/clear.ts": {"lines":{"total":22,"covered":22,"skipped":0,"pct":100},"functions":{"total":5,"covered":5,"skipped":0,"pct":100},"statements":{"total":22,"covered":22,"skipped":0,"pct":100},"branches":{"total":17,"covered":17,"skipped":0,"pct":100}}
,"/home/romeo/dev/my/orchid-orm/packages/qb/pqb/src/queryMethods/columnInfo.ts": {"lines":{"total":17,"covered":17,"skipped":0,"pct":100},"functions":{"total":6,"covered":6,"skipped":0,"pct":100},"statements":{"total":17,"covered":17,"skipped":0,"pct":100},"branches":{"total":3,"covered":3,"skipped":0,"pct":100}}
,"/home/romeo/dev/my/orchid-orm/packages/qb/pqb/src/queryMethods/copy.ts": {"lines":{"total":4,"covered":4,"skipped":0,"pct":100},"functions":{"total":3,"covered":3,"skipped":0,"pct":100},"statements":{"total":4,"covered":4,"skipped":0,"pct":100},"branches":{"total":0,"covered":0,"skipped":0,"pct":100}}
,"/home/romeo/dev/my/orchid-orm/packages/qb/pqb/src/queryMethods/create.ts": {"lines":{"total":129,"covered":111,"skipped":0,"pct":86.04},"functions":{"total":35,"covered":31,"skipped":0,"pct":88.57},"statements":{"total":132,"covered":113,"skipped":0,"pct":85.6},"branches":{"total":73,"covered":51,"skipped":0,"pct":69.86}}
,"/home/romeo/dev/my/orchid-orm/packages/qb/pqb/src/queryMethods/delete.ts": {"lines":{"total":12,"covered":10,"skipped":0,"pct":83.33},"functions":{"total":7,"covered":5,"skipped":0,"pct":71.42},"statements":{"total":12,"covered":10,"skipped":0,"pct":83.33},"branches":{"total":1,"covered":1,"skipped":0,"pct":100}}
,"/home/romeo/dev/my/orchid-orm/packages/qb/pqb/src/queryMethods/for.ts": {"lines":{"total":23,"covered":23,"skipped":0,"pct":100},"functions":{"total":14,"covered":14,"skipped":0,"pct":100},"statements":{"total":25,"covered":25,"skipped":0,"pct":100},"branches":{"total":10,"covered":8,"skipped":0,"pct":80}}
,"/home/romeo/dev/my/orchid-orm/packages/qb/pqb/src/queryMethods/from.ts": {"lines":{"total":16,"covered":15,"skipped":0,"pct":93.75},"functions":{"total":3,"covered":3,"skipped":0,"pct":100},"statements":{"total":17,"covered":16,"skipped":0,"pct":94.11},"branches":{"total":17,"covered":16,"skipped":0,"pct":94.11}}
,"/home/romeo/dev/my/orchid-orm/packages/qb/pqb/src/queryMethods/get.ts": {"lines":{"total":15,"covered":15,"skipped":0,"pct":100},"functions":{"total":7,"covered":7,"skipped":0,"pct":100},"statements":{"total":16,"covered":16,"skipped":0,"pct":100},"branches":{"total":6,"covered":6,"skipped":0,"pct":100}}
,"/home/romeo/dev/my/orchid-orm/packages/qb/pqb/src/queryMethods/having.ts": {"lines":{"total":29,"covered":29,"skipped":0,"pct":100},"functions":{"total":8,"covered":8,"skipped":0,"pct":100},"statements":{"total":29,"covered":29,"skipped":0,"pct":100},"branches":{"total":16,"covered":16,"skipped":0,"pct":100}}
,"/home/romeo/dev/my/orchid-orm/packages/qb/pqb/src/queryMethods/index.ts": {"lines":{"total":24,"covered":24,"skipped":0,"pct":100},"functions":{"total":0,"covered":0,"skipped":0,"pct":100},"statements":{"total":24,"covered":24,"skipped":0,"pct":100},"branches":{"total":0,"covered":0,"skipped":0,"pct":100}}
,"/home/romeo/dev/my/orchid-orm/packages/qb/pqb/src/queryMethods/join.ts": {"lines":{"total":59,"covered":50,"skipped":0,"pct":84.74},"functions":{"total":34,"covered":22,"skipped":0,"pct":64.7},"statements":{"total":63,"covered":51,"skipped":0,"pct":80.95},"branches":{"total":20,"covered":19,"skipped":0,"pct":95}}
,"/home/romeo/dev/my/orchid-orm/packages/qb/pqb/src/queryMethods/json.ts": {"lines":{"total":24,"covered":24,"skipped":0,"pct":100},"functions":{"total":11,"covered":11,"skipped":0,"pct":100},"statements":{"total":24,"covered":24,"skipped":0,"pct":100},"branches":{"total":38,"covered":38,"skipped":0,"pct":100}}
,"/home/romeo/dev/my/orchid-orm/packages/qb/pqb/src/queryMethods/log.ts": {"lines":{"total":28,"covered":28,"skipped":0,"pct":100},"functions":{"total":15,"covered":15,"skipped":0,"pct":100},"statements":{"total":31,"covered":31,"skipped":0,"pct":100},"branches":{"total":16,"covered":14,"skipped":0,"pct":87.5}}
,"/home/romeo/dev/my/orchid-orm/packages/qb/pqb/src/queryMethods/merge.ts": {"lines":{"total":18,"covered":18,"skipped":0,"pct":100},"functions":{"total":3,"covered":3,"skipped":0,"pct":100},"statements":{"total":19,"covered":19,"skipped":0,"pct":100},"branches":{"total":13,"covered":13,"skipped":0,"pct":100}}
,"/home/romeo/dev/my/orchid-orm/packages/qb/pqb/src/queryMethods/queryMethods.ts": {"lines":{"total":98,"covered":98,"skipped":0,"pct":100},"functions":{"total":45,"covered":45,"skipped":0,"pct":100},"statements":{"total":98,"covered":98,"skipped":0,"pct":100},"branches":{"total":13,"covered":13,"skipped":0,"pct":100}}
,"/home/romeo/dev/my/orchid-orm/packages/qb/pqb/src/queryMethods/raw.ts": {"lines":{"total":4,"covered":4,"skipped":0,"pct":100},"functions":{"total":2,"covered":2,"skipped":0,"pct":100},"statements":{"total":4,"covered":4,"skipped":0,"pct":100},"branches":{"total":2,"covered":2,"skipped":0,"pct":100}}
,"/home/romeo/dev/my/orchid-orm/packages/qb/pqb/src/queryMethods/select.ts": {"lines":{"total":73,"covered":70,"skipped":0,"pct":95.89},"functions":{"total":20,"covered":19,"skipped":0,"pct":95},"statements":{"total":88,"covered":85,"skipped":0,"pct":96.59},"branches":{"total":72,"covered":67,"skipped":0,"pct":93.05}}
,"/home/romeo/dev/my/orchid-orm/packages/qb/pqb/src/queryMethods/then.ts": {"lines":{"total":128,"covered":126,"skipped":0,"pct":98.43},"functions":{"total":25,"covered":23,"skipped":0,"pct":92},"statements":{"total":137,"covered":134,"skipped":0,"pct":97.81},"branches":{"total":96,"covered":87,"skipped":0,"pct":90.62}}
,"/home/romeo/dev/my/orchid-orm/packages/qb/pqb/src/queryMethods/transaction.ts": {"lines":{"total":25,"covered":25,"skipped":0,"pct":100},"functions":{"total":7,"covered":7,"skipped":0,"pct":100},"statements":{"total":25,"covered":25,"skipped":0,"pct":100},"branches":{"total":4,"covered":4,"skipped":0,"pct":100}}
,"/home/romeo/dev/my/orchid-orm/packages/qb/pqb/src/queryMethods/union.ts": {"lines":{"total":20,"covered":20,"skipped":0,"pct":100},"functions":{"total":19,"covered":19,"skipped":0,"pct":100},"statements":{"total":20,"covered":20,"skipped":0,"pct":100},"branches":{"total":0,"covered":0,"skipped":0,"pct":100}}
,"/home/romeo/dev/my/orchid-orm/packages/qb/pqb/src/queryMethods/update.ts": {"lines":{"total":78,"covered":55,"skipped":0,"pct":70.51},"functions":{"total":21,"covered":15,"skipped":0,"pct":71.42},"statements":{"total":82,"covered":57,"skipped":0,"pct":69.51},"branches":{"total":39,"covered":22,"skipped":0,"pct":56.41}}
,"/home/romeo/dev/my/orchid-orm/packages/qb/pqb/src/queryMethods/upsertOrCreate.ts": {"lines":{"total":18,"covered":18,"skipped":0,"pct":100},"functions":{"total":6,"covered":6,"skipped":0,"pct":100},"statements":{"total":18,"covered":18,"skipped":0,"pct":100},"branches":{"total":4,"covered":4,"skipped":0,"pct":100}}
,"/home/romeo/dev/my/orchid-orm/packages/qb/pqb/src/queryMethods/where.ts": {"lines":{"total":68,"covered":68,"skipped":0,"pct":100},"functions":{"total":44,"covered":40,"skipped":0,"pct":90.9},"statements":{"total":74,"covered":70,"skipped":0,"pct":94.59},"branches":{"total":14,"covered":14,"skipped":0,"pct":100}}
,"/home/romeo/dev/my/orchid-orm/packages/qb/pqb/src/queryMethods/window.ts": {"lines":{"total":19,"covered":19,"skipped":0,"pct":100},"functions":{"total":13,"covered":13,"skipped":0,"pct":100},"statements":{"total":20,"covered":20,"skipped":0,"pct":100},"branches":{"total":3,"covered":3,"skipped":0,"pct":100}}
,"/home/romeo/dev/my/orchid-orm/packages/qb/pqb/src/queryMethods/with.ts": {"lines":{"total":13,"covered":13,"skipped":0,"pct":100},"functions":{"total":3,"covered":3,"skipped":0,"pct":100},"statements":{"total":13,"covered":13,"skipped":0,"pct":100},"branches":{"total":16,"covered":16,"skipped":0,"pct":100}}
,"/home/romeo/dev/my/orchid-orm/packages/qb/pqb/src/sql/aggregate.ts": {"lines":{"total":35,"covered":35,"skipped":0,"pct":100},"functions":{"total":3,"covered":3,"skipped":0,"pct":100},"statements":{"total":41,"covered":41,"skipped":0,"pct":100},"branches":{"total":28,"covered":26,"skipped":0,"pct":92.85}}
,"/home/romeo/dev/my/orchid-orm/packages/qb/pqb/src/sql/columnInfo.ts": {"lines":{"total":5,"covered":5,"skipped":0,"pct":100},"functions":{"total":2,"covered":2,"skipped":0,"pct":100},"statements":{"total":6,"covered":6,"skipped":0,"pct":100},"branches":{"total":3,"covered":3,"skipped":0,"pct":100}}
,"/home/romeo/dev/my/orchid-orm/packages/qb/pqb/src/sql/common.ts": {"lines":{"total":18,"covered":17,"skipped":0,"pct":94.44},"functions":{"total":12,"covered":12,"skipped":0,"pct":100},"statements":{"total":25,"covered":24,"skipped":0,"pct":96},"branches":{"total":12,"covered":10,"skipped":0,"pct":83.33}}
,"/home/romeo/dev/my/orchid-orm/packages/qb/pqb/src/sql/copy.ts": {"lines":{"total":28,"covered":28,"skipped":0,"pct":100},"functions":{"total":2,"covered":2,"skipped":0,"pct":100},"statements":{"total":36,"covered":36,"skipped":0,"pct":100},"branches":{"total":24,"covered":23,"skipped":0,"pct":95.83}}
,"/home/romeo/dev/my/orchid-orm/packages/qb/pqb/src/sql/data.ts": {"lines":{"total":30,"covered":27,"skipped":0,"pct":90},"functions":{"total":2,"covered":2,"skipped":0,"pct":100},"statements":{"total":53,"covered":41,"skipped":0,"pct":77.35},"branches":{"total":127,"covered":65,"skipped":0,"pct":51.18}}
,"/home/romeo/dev/my/orchid-orm/packages/qb/pqb/src/sql/delete.ts": {"lines":{"total":21,"covered":19,"skipped":0,"pct":90.47},"functions":{"total":5,"covered":5,"skipped":0,"pct":100},"statements":{"total":23,"covered":21,"skipped":0,"pct":91.3},"branches":{"total":23,"covered":15,"skipped":0,"pct":65.21}}
,"/home/romeo/dev/my/orchid-orm/packages/qb/pqb/src/sql/distinct.ts": {"lines":{"total":8,"covered":8,"skipped":0,"pct":100},"functions":{"total":3,"covered":3,"skipped":0,"pct":100},"statements":{"total":9,"covered":9,"skipped":0,"pct":100},"branches":{"total":5,"covered":4,"skipped":0,"pct":80}}
,"/home/romeo/dev/my/orchid-orm/packages/qb/pqb/src/sql/fromAndAs.ts": {"lines":{"total":26,"covered":24,"skipped":0,"pct":92.3},"functions":{"total":3,"covered":3,"skipped":0,"pct":100},"statements":{"total":28,"covered":26,"skipped":0,"pct":92.85},"branches":{"total":10,"covered":9,"skipped":0,"pct":90}}
,"/home/romeo/dev/my/orchid-orm/packages/qb/pqb/src/sql/having.ts": {"lines":{"total":40,"covered":39,"skipped":0,"pct":97.5},"functions":{"total":6,"covered":5,"skipped":0,"pct":83.33},"statements":{"total":45,"covered":42,"skipped":0,"pct":93.33},"branches":{"total":28,"covered":24,"skipped":0,"pct":85.71}}
,"/home/romeo/dev/my/orchid-orm/packages/qb/pqb/src/sql/index.ts": {"lines":{"total":3,"covered":3,"skipped":0,"pct":100},"functions":{"total":0,"covered":0,"skipped":0,"pct":100},"statements":{"total":3,"covered":3,"skipped":0,"pct":100},"branches":{"total":0,"covered":0,"skipped":0,"pct":100}}
,"/home/romeo/dev/my/orchid-orm/packages/qb/pqb/src/sql/insert.ts": {"lines":{"total":52,"covered":52,"skipped":0,"pct":100},"functions":{"total":9,"covered":9,"skipped":0,"pct":100},"statements":{"total":54,"covered":54,"skipped":0,"pct":100},"branches":{"total":27,"covered":26,"skipped":0,"pct":96.29}}
,"/home/romeo/dev/my/orchid-orm/packages/qb/pqb/src/sql/join.ts": {"lines":{"total":72,"covered":68,"skipped":0,"pct":94.44},"functions":{"total":8,"covered":8,"skipped":0,"pct":100},"statements":{"total":78,"covered":73,"skipped":0,"pct":93.58},"branches":{"total":52,"covered":43,"skipped":0,"pct":82.69}}
,"/home/romeo/dev/my/orchid-orm/packages/qb/pqb/src/sql/orderBy.ts": {"lines":{"total":18,"covered":18,"skipped":0,"pct":100},"functions":{"total":5,"covered":5,"skipped":0,"pct":100},"statements":{"total":20,"covered":20,"skipped":0,"pct":100},"branches":{"total":5,"covered":5,"skipped":0,"pct":100}}
,"/home/romeo/dev/my/orchid-orm/packages/qb/pqb/src/sql/select.ts": {"lines":{"total":77,"covered":58,"skipped":0,"pct":75.32},"functions":{"total":8,"covered":8,"skipped":0,"pct":100},"statements":{"total":79,"covered":60,"skipped":0,"pct":75.94},"branches":{"total":92,"covered":67,"skipped":0,"pct":72.82}}
,"/home/romeo/dev/my/orchid-orm/packages/qb/pqb/src/sql/toSql.ts": {"lines":{"total":96,"covered":96,"skipped":0,"pct":100},"functions":{"total":8,"covered":8,"skipped":0,"pct":100},"statements":{"total":103,"covered":100,"skipped":0,"pct":97.08},"branches":{"total":58,"covered":55,"skipped":0,"pct":94.82}}
,"/home/romeo/dev/my/orchid-orm/packages/qb/pqb/src/sql/truncate.ts": {"lines":{"total":5,"covered":5,"skipped":0,"pct":100},"functions":{"total":2,"covered":2,"skipped":0,"pct":100},"statements":{"total":8,"covered":8,"skipped":0,"pct":100},"branches":{"total":2,"covered":2,"skipped":0,"pct":100}}
,"/home/romeo/dev/my/orchid-orm/packages/qb/pqb/src/sql/types.ts": {"lines":{"total":5,"covered":5,"skipped":0,"pct":100},"functions":{"total":3,"covered":3,"skipped":0,"pct":100},"statements":{"total":8,"covered":8,"skipped":0,"pct":100},"branches":{"total":3,"covered":3,"skipped":0,"pct":100}}
,"/home/romeo/dev/my/orchid-orm/packages/qb/pqb/src/sql/update.ts": {"lines":{"total":35,"covered":34,"skipped":0,"pct":97.14},"functions":{"total":5,"covered":5,"skipped":0,"pct":100},"statements":{"total":38,"covered":37,"skipped":0,"pct":97.36},"branches":{"total":16,"covered":15,"skipped":0,"pct":93.75}}
,"/home/romeo/dev/my/orchid-orm/packages/qb/pqb/src/sql/where.ts": {"lines":{"total":99,"covered":95,"skipped":0,"pct":95.95},"functions":{"total":18,"covered":17,"skipped":0,"pct":94.44},"statements":{"total":105,"covered":100,"skipped":0,"pct":95.23},"branches":{"total":56,"covered":51,"skipped":0,"pct":91.07}}
,"/home/romeo/dev/my/orchid-orm/packages/qb/pqb/src/sql/window.ts": {"lines":{"total":15,"covered":15,"skipped":0,"pct":100},"functions":{"total":3,"covered":3,"skipped":0,"pct":100},"statements":{"total":16,"covered":16,"skipped":0,"pct":100},"branches":{"total":8,"covered":8,"skipped":0,"pct":100}}
,"/home/romeo/dev/my/orchid-orm/packages/qb/pqb/src/sql/with.ts": {"lines":{"total":11,"covered":11,"skipped":0,"pct":100},"functions":{"total":3,"covered":3,"skipped":0,"pct":100},"statements":{"total":13,"covered":12,"skipped":0,"pct":92.3},"branches":{"total":11,"covered":10,"skipped":0,"pct":90.9}}
,"/home/romeo/dev/my/orchid-orm/packages/qb/pqb/src/test-utils/test-utils.ts": {"lines":{"total":47,"covered":41,"skipped":0,"pct":87.23},"functions":{"total":40,"covered":33,"skipped":0,"pct":82.5},"statements":{"total":73,"covered":63,"skipped":0,"pct":86.3},"branches":{"total":3,"covered":3,"skipped":0,"pct":100}}
}
