{"total": {"lines":{"total":35,"covered":31,"skipped":0,"pct":88.57},"statements":{"total":37,"covered":33,"skipped":0,"pct":89.18},"functions":{"total":15,"covered":12,"skipped":0,"pct":80},"branches":{"total":14,"covered":8,"skipped":0,"pct":57.14},"branchesTrue":{"total":0,"covered":0,"skipped":0,"pct":"Unknown"}}
,"/home/romeo/dev/my/orchid-orm/packages/qb/myqb/src/adapter.ts": {"lines":{"total":33,"covered":29,"skipped":0,"pct":87.87},"functions":{"total":14,"covered":11,"skipped":0,"pct":78.57},"statements":{"total":34,"covered":30,"skipped":0,"pct":88.23},"branches":{"total":14,"covered":8,"skipped":0,"pct":57.14}}
,"/home/romeo/dev/my/orchid-orm/packages/qb/myqb/src/test-utils.ts": {"lines":{"total":2,"covered":2,"skipped":0,"pct":100},"functions":{"total":1,"covered":1,"skipped":0,"pct":100},"statements":{"total":3,"covered":3,"skipped":0,"pct":100},"branches":{"total":0,"covered":0,"skipped":0,"pct":100}}
}
