{"total": {"lines":{"total":171,"covered":163,"skipped":0,"pct":95.32},"statements":{"total":186,"covered":176,"skipped":0,"pct":94.62},"functions":{"total":51,"covered":46,"skipped":0,"pct":90.19},"branches":{"total":81,"covered":72,"skipped":0,"pct":88.88},"branchesTrue":{"total":0,"covered":0,"skipped":0,"pct":"Unknown"}}
,"/home/romeo/dev/my/orchid-orm/packages/test-factory/src/factory.ts": {"lines":{"total":151,"covered":145,"skipped":0,"pct":96.02},"functions":{"total":36,"covered":33,"skipped":0,"pct":91.66},"statements":{"total":160,"covered":152,"skipped":0,"pct":95},"branches":{"total":79,"covered":70,"skipped":0,"pct":88.6}}
,"/home/romeo/dev/my/orchid-orm/packages/test-factory/src/test-utils.ts": {"lines":{"total":20,"covered":18,"skipped":0,"pct":90},"functions":{"total":15,"covered":13,"skipped":0,"pct":86.66},"statements":{"total":26,"covered":24,"skipped":0,"pct":92.3},"branches":{"total":2,"covered":2,"skipped":0,"pct":100}}
}
