{"total": {"lines":{"total":178,"covered":170,"skipped":0,"pct":95.5},"statements":{"total":194,"covered":184,"skipped":0,"pct":94.84},"functions":{"total":54,"covered":49,"skipped":0,"pct":90.74},"branches":{"total":81,"covered":72,"skipped":0,"pct":88.88},"branchesTrue":{"total":0,"covered":0,"skipped":0,"pct":"Unknown"}}
,"/home/romeo/dev/my/orchid-orm/packages/test-factory/src/factory.ts": {"lines":{"total":151,"covered":145,"skipped":0,"pct":96.02},"functions":{"total":36,"covered":33,"skipped":0,"pct":91.66},"statements":{"total":160,"covered":152,"skipped":0,"pct":95},"branches":{"total":79,"covered":70,"skipped":0,"pct":88.6}}
,"/home/romeo/dev/my/orchid-orm/packages/test-factory/src/test-utils.ts": {"lines":{"total":27,"covered":25,"skipped":0,"pct":92.59},"functions":{"total":18,"covered":16,"skipped":0,"pct":88.88},"statements":{"total":34,"covered":32,"skipped":0,"pct":94.11},"branches":{"total":2,"covered":2,"skipped":0,"pct":100}}
}
