{"total": {"lines":{"total":184,"covered":183,"skipped":0,"pct":99.45},"statements":{"total":189,"covered":187,"skipped":0,"pct":98.94},"functions":{"total":54,"covered":54,"skipped":0,"pct":100},"branches":{"total":52,"covered":51,"skipped":0,"pct":98.07},"branchesTrue":{"total":0,"covered":0,"skipped":0,"pct":"Unknown"}}
,"/home/romeo/dev/my/orchid-orm/packages/schema-to-zod/src/index.ts": {"lines":{"total":184,"covered":183,"skipped":0,"pct":99.45},"functions":{"total":54,"covered":54,"skipped":0,"pct":100},"statements":{"total":189,"covered":187,"skipped":0,"pct":98.94},"branches":{"total":52,"covered":51,"skipped":0,"pct":98.07}}
}
