{"total": {"lines":{"total":1405,"covered":1370,"skipped":0,"pct":97.5},"statements":{"total":1542,"covered":1472,"skipped":0,"pct":95.46},"functions":{"total":352,"covered":334,"skipped":0,"pct":94.88},"branches":{"total":631,"covered":557,"skipped":0,"pct":88.27},"branchesTrue":{"total":0,"covered":0,"skipped":0,"pct":100}}
,"/home/romeo/dev/my/orchid-orm/packages/orm/src/orm.ts": {"lines":{"total":24,"covered":23,"skipped":0,"pct":95.83},"functions":{"total":3,"covered":3,"skipped":0,"pct":100},"statements":{"total":26,"covered":25,"skipped":0,"pct":96.15},"branches":{"total":5,"covered":4,"skipped":0,"pct":80}}
,"/home/romeo/dev/my/orchid-orm/packages/orm/src/repo.ts": {"lines":{"total":19,"covered":19,"skipped":0,"pct":100},"functions":{"total":5,"covered":5,"skipped":0,"pct":100},"statements":{"total":20,"covered":20,"skipped":0,"pct":100},"branches":{"total":1,"covered":1,"skipped":0,"pct":100}}
,"/home/romeo/dev/my/orchid-orm/packages/orm/src/table.ts": {"lines":{"total":14,"covered":14,"skipped":0,"pct":100},"functions":{"total":9,"covered":9,"skipped":0,"pct":100},"statements":{"total":15,"covered":15,"skipped":0,"pct":100},"branches":{"total":3,"covered":3,"skipped":0,"pct":100}}
,"/home/romeo/dev/my/orchid-orm/packages/orm/src/transaction.ts": {"lines":{"total":15,"covered":15,"skipped":0,"pct":100},"functions":{"total":2,"covered":2,"skipped":0,"pct":100},"statements":{"total":15,"covered":15,"skipped":0,"pct":100},"branches":{"total":3,"covered":3,"skipped":0,"pct":100}}
,"/home/romeo/dev/my/orchid-orm/packages/orm/src/utils.ts": {"lines":{"total":6,"covered":6,"skipped":0,"pct":100},"functions":{"total":5,"covered":5,"skipped":0,"pct":100},"statements":{"total":9,"covered":9,"skipped":0,"pct":100},"branches":{"total":2,"covered":1,"skipped":0,"pct":50}}
,"/home/romeo/dev/my/orchid-orm/packages/orm/src/bin/init.ts": {"lines":{"total":150,"covered":147,"skipped":0,"pct":98},"functions":{"total":24,"covered":22,"skipped":0,"pct":91.66},"statements":{"total":160,"covered":156,"skipped":0,"pct":97.5},"branches":{"total":59,"covered":59,"skipped":0,"pct":100}}
,"/home/romeo/dev/my/orchid-orm/packages/orm/src/codegen/appCodeUpdater.ts": {"lines":{"total":18,"covered":17,"skipped":0,"pct":94.44},"functions":{"total":7,"covered":6,"skipped":0,"pct":85.71},"statements":{"total":19,"covered":18,"skipped":0,"pct":94.73},"branches":{"total":5,"covered":3,"skipped":0,"pct":60}}
,"/home/romeo/dev/my/orchid-orm/packages/orm/src/codegen/createBaseTableFile.ts": {"lines":{"total":7,"covered":7,"skipped":0,"pct":100},"functions":{"total":3,"covered":3,"skipped":0,"pct":100},"statements":{"total":9,"covered":9,"skipped":0,"pct":100},"branches":{"total":1,"covered":1,"skipped":0,"pct":100}}
,"/home/romeo/dev/my/orchid-orm/packages/orm/src/codegen/fileChanges.ts": {"lines":{"total":16,"covered":16,"skipped":0,"pct":100},"functions":{"total":7,"covered":7,"skipped":0,"pct":100},"statements":{"total":16,"covered":16,"skipped":0,"pct":100},"branches":{"total":9,"covered":8,"skipped":0,"pct":88.88}}
,"/home/romeo/dev/my/orchid-orm/packages/orm/src/codegen/testUtils.ts": {"lines":{"total":18,"covered":18,"skipped":0,"pct":100},"functions":{"total":9,"covered":9,"skipped":0,"pct":100},"statements":{"total":24,"covered":24,"skipped":0,"pct":100},"branches":{"total":0,"covered":0,"skipped":0,"pct":100}}
,"/home/romeo/dev/my/orchid-orm/packages/orm/src/codegen/tsUtils.ts": {"lines":{"total":46,"covered":42,"skipped":0,"pct":91.3},"functions":{"total":15,"covered":15,"skipped":0,"pct":100},"statements":{"total":51,"covered":45,"skipped":0,"pct":88.23},"branches":{"total":36,"covered":27,"skipped":0,"pct":75}}
,"/home/romeo/dev/my/orchid-orm/packages/orm/src/codegen/updateMainFile.ts": {"lines":{"total":90,"covered":84,"skipped":0,"pct":93.33},"functions":{"total":9,"covered":9,"skipped":0,"pct":100},"statements":{"total":97,"covered":88,"skipped":0,"pct":90.72},"branches":{"total":36,"covered":26,"skipped":0,"pct":72.22}}
,"/home/romeo/dev/my/orchid-orm/packages/orm/src/codegen/utils.ts": {"lines":{"total":5,"covered":5,"skipped":0,"pct":100},"functions":{"total":2,"covered":2,"skipped":0,"pct":100},"statements":{"total":6,"covered":6,"skipped":0,"pct":100},"branches":{"total":4,"covered":4,"skipped":0,"pct":100}}
,"/home/romeo/dev/my/orchid-orm/packages/orm/src/codegen/updateTableFile/changeTable.ts": {"lines":{"total":248,"covered":240,"skipped":0,"pct":96.77},"functions":{"total":25,"covered":24,"skipped":0,"pct":96},"statements":{"total":281,"covered":255,"skipped":0,"pct":90.74},"branches":{"total":146,"covered":118,"skipped":0,"pct":80.82}}
,"/home/romeo/dev/my/orchid-orm/packages/orm/src/codegen/updateTableFile/createTable.ts": {"lines":{"total":21,"covered":20,"skipped":0,"pct":95.23},"functions":{"total":2,"covered":2,"skipped":0,"pct":100},"statements":{"total":22,"covered":21,"skipped":0,"pct":95.45},"branches":{"total":3,"covered":2,"skipped":0,"pct":66.66}}
,"/home/romeo/dev/my/orchid-orm/packages/orm/src/codegen/updateTableFile/renameTable.ts": {"lines":{"total":30,"covered":30,"skipped":0,"pct":100},"functions":{"total":4,"covered":3,"skipped":0,"pct":75},"statements":{"total":36,"covered":32,"skipped":0,"pct":88.88},"branches":{"total":22,"covered":18,"skipped":0,"pct":81.81}}
,"/home/romeo/dev/my/orchid-orm/packages/orm/src/codegen/updateTableFile/updateTableFile.ts": {"lines":{"total":11,"covered":11,"skipped":0,"pct":100},"functions":{"total":2,"covered":2,"skipped":0,"pct":100},"statements":{"total":12,"covered":12,"skipped":0,"pct":100},"branches":{"total":7,"covered":7,"skipped":0,"pct":100}}
,"/home/romeo/dev/my/orchid-orm/packages/orm/src/relations/belongsTo.ts": {"lines":{"total":111,"covered":111,"skipped":0,"pct":100},"functions":{"total":28,"covered":28,"skipped":0,"pct":100},"statements":{"total":114,"covered":114,"skipped":0,"pct":100},"branches":{"total":69,"covered":68,"skipped":0,"pct":98.55}}
,"/home/romeo/dev/my/orchid-orm/packages/orm/src/relations/hasAndBelongsToMany.ts": {"lines":{"total":128,"covered":128,"skipped":0,"pct":100},"functions":{"total":41,"covered":41,"skipped":0,"pct":100},"statements":{"total":136,"covered":136,"skipped":0,"pct":100},"branches":{"total":31,"covered":30,"skipped":0,"pct":96.77}}
,"/home/romeo/dev/my/orchid-orm/packages/orm/src/relations/hasMany.ts": {"lines":{"total":97,"covered":97,"skipped":0,"pct":100},"functions":{"total":33,"covered":33,"skipped":0,"pct":100},"statements":{"total":102,"covered":102,"skipped":0,"pct":100},"branches":{"total":37,"covered":35,"skipped":0,"pct":94.59}}
,"/home/romeo/dev/my/orchid-orm/packages/orm/src/relations/hasOne.ts": {"lines":{"total":82,"covered":82,"skipped":0,"pct":100},"functions":{"total":27,"covered":27,"skipped":0,"pct":100},"statements":{"total":86,"covered":86,"skipped":0,"pct":100},"branches":{"total":35,"covered":35,"skipped":0,"pct":100}}
,"/home/romeo/dev/my/orchid-orm/packages/orm/src/relations/relations.ts": {"lines":{"total":98,"covered":93,"skipped":0,"pct":94.89},"functions":{"total":10,"covered":10,"skipped":0,"pct":100},"statements":{"total":101,"covered":96,"skipped":0,"pct":95.04},"branches":{"total":52,"covered":45,"skipped":0,"pct":86.53}}
,"/home/romeo/dev/my/orchid-orm/packages/orm/src/relations/utils.ts": {"lines":{"total":34,"covered":34,"skipped":0,"pct":100},"functions":{"total":11,"covered":11,"skipped":0,"pct":100},"statements":{"total":39,"covered":39,"skipped":0,"pct":100},"branches":{"total":38,"covered":38,"skipped":0,"pct":100}}
,"/home/romeo/dev/my/orchid-orm/packages/orm/src/test-utils/test-db.ts": {"lines":{"total":5,"covered":5,"skipped":0,"pct":100},"functions":{"total":3,"covered":3,"skipped":0,"pct":100},"statements":{"total":8,"covered":8,"skipped":0,"pct":100},"branches":{"total":0,"covered":0,"skipped":0,"pct":100}}
,"/home/romeo/dev/my/orchid-orm/packages/orm/src/test-utils/test-tables.ts": {"lines":{"total":59,"covered":53,"skipped":0,"pct":89.83},"functions":{"total":45,"covered":33,"skipped":0,"pct":73.33},"statements":{"total":74,"covered":62,"skipped":0,"pct":83.78},"branches":{"total":2,"covered":2,"skipped":0,"pct":100}}
,"/home/romeo/dev/my/orchid-orm/packages/orm/src/test-utils/test-utils.ts": {"lines":{"total":53,"covered":53,"skipped":0,"pct":100},"functions":{"total":21,"covered":20,"skipped":0,"pct":95.23},"statements":{"total":64,"covered":63,"skipped":0,"pct":98.43},"branches":{"total":25,"covered":19,"skipped":0,"pct":76}}
}
