{"total": {"lines":{"total":922,"covered":894,"skipped":0,"pct":96.96},"statements":{"total":1021,"covered":984,"skipped":0,"pct":96.37},"functions":{"total":242,"covered":234,"skipped":0,"pct":96.69},"branches":{"total":648,"covered":579,"skipped":0,"pct":89.35},"branchesTrue":{"total":0,"covered":0,"skipped":0,"pct":100}}
,"/home/romeo/dev/my/orchid-orm/packages/rake-db/src/common.ts": {"lines":{"total":106,"covered":102,"skipped":0,"pct":96.22},"functions":{"total":42,"covered":40,"skipped":0,"pct":95.23},"statements":{"total":132,"covered":126,"skipped":0,"pct":95.45},"branches":{"total":52,"covered":46,"skipped":0,"pct":88.46}}
,"/home/romeo/dev/my/orchid-orm/packages/rake-db/src/rakeDb.ts": {"lines":{"total":28,"covered":28,"skipped":0,"pct":100},"functions":{"total":3,"covered":3,"skipped":0,"pct":100},"statements":{"total":29,"covered":29,"skipped":0,"pct":100},"branches":{"total":24,"covered":21,"skipped":0,"pct":87.5}}
,"/home/romeo/dev/my/orchid-orm/packages/rake-db/src/test-utils.ts": {"lines":{"total":25,"covered":25,"skipped":0,"pct":100},"functions":{"total":16,"covered":15,"skipped":0,"pct":93.75},"statements":{"total":35,"covered":34,"skipped":0,"pct":97.14},"branches":{"total":3,"covered":3,"skipped":0,"pct":100}}
,"/home/romeo/dev/my/orchid-orm/packages/rake-db/src/commands/createOrDrop.ts": {"lines":{"total":46,"covered":44,"skipped":0,"pct":95.65},"functions":{"total":14,"covered":14,"skipped":0,"pct":100},"statements":{"total":50,"covered":48,"skipped":0,"pct":96},"branches":{"total":13,"covered":11,"skipped":0,"pct":84.61}}
,"/home/romeo/dev/my/orchid-orm/packages/rake-db/src/commands/generate.ts": {"lines":{"total":45,"covered":44,"skipped":0,"pct":97.77},"functions":{"total":9,"covered":8,"skipped":0,"pct":88.88},"statements":{"total":48,"covered":46,"skipped":0,"pct":95.83},"branches":{"total":26,"covered":25,"skipped":0,"pct":96.15}}
,"/home/romeo/dev/my/orchid-orm/packages/rake-db/src/commands/migrateOrRollback.ts": {"lines":{"total":67,"covered":64,"skipped":0,"pct":95.52},"functions":{"total":12,"covered":12,"skipped":0,"pct":100},"statements":{"total":73,"covered":70,"skipped":0,"pct":95.89},"branches":{"total":62,"covered":53,"skipped":0,"pct":85.48}}
,"/home/romeo/dev/my/orchid-orm/packages/rake-db/src/migration/change.ts": {"lines":{"total":11,"covered":11,"skipped":0,"pct":100},"functions":{"total":10,"covered":10,"skipped":0,"pct":100},"statements":{"total":19,"covered":18,"skipped":0,"pct":94.73},"branches":{"total":1,"covered":0,"skipped":0,"pct":0}}
,"/home/romeo/dev/my/orchid-orm/packages/rake-db/src/migration/changeTable.ts": {"lines":{"total":162,"covered":160,"skipped":0,"pct":98.76},"functions":{"total":19,"covered":19,"skipped":0,"pct":100},"statements":{"total":167,"covered":165,"skipped":0,"pct":98.8},"branches":{"total":201,"covered":175,"skipped":0,"pct":87.06}}
,"/home/romeo/dev/my/orchid-orm/packages/rake-db/src/migration/createTable.ts": {"lines":{"total":56,"covered":56,"skipped":0,"pct":100},"functions":{"total":6,"covered":6,"skipped":0,"pct":100},"statements":{"total":57,"covered":57,"skipped":0,"pct":100},"branches":{"total":28,"covered":27,"skipped":0,"pct":96.42}}
,"/home/romeo/dev/my/orchid-orm/packages/rake-db/src/migration/migration.ts": {"lines":{"total":81,"covered":71,"skipped":0,"pct":87.65},"functions":{"total":43,"covered":40,"skipped":0,"pct":93.02},"statements":{"total":91,"covered":80,"skipped":0,"pct":87.91},"branches":{"total":48,"covered":43,"skipped":0,"pct":89.58}}
,"/home/romeo/dev/my/orchid-orm/packages/rake-db/src/migration/migrationUtils.ts": {"lines":{"total":98,"covered":94,"skipped":0,"pct":95.91},"functions":{"total":30,"covered":29,"skipped":0,"pct":96.66},"statements":{"total":111,"covered":107,"skipped":0,"pct":96.39},"branches":{"total":63,"covered":56,"skipped":0,"pct":88.88}}
,"/home/romeo/dev/my/orchid-orm/packages/rake-db/src/pull/astToMigration.ts": {"lines":{"total":58,"covered":58,"skipped":0,"pct":100},"functions":{"total":7,"covered":7,"skipped":0,"pct":100},"statements":{"total":65,"covered":63,"skipped":0,"pct":96.92},"branches":{"total":37,"covered":34,"skipped":0,"pct":91.89}}
,"/home/romeo/dev/my/orchid-orm/packages/rake-db/src/pull/dbStructure.ts": {"lines":{"total":24,"covered":24,"skipped":0,"pct":100},"functions":{"total":13,"covered":13,"skipped":0,"pct":100},"statements":{"total":24,"covered":24,"skipped":0,"pct":100},"branches":{"total":0,"covered":0,"skipped":0,"pct":100}}
,"/home/romeo/dev/my/orchid-orm/packages/rake-db/src/pull/pull.ts": {"lines":{"total":13,"covered":13,"skipped":0,"pct":100},"functions":{"total":2,"covered":2,"skipped":0,"pct":100},"statements":{"total":15,"covered":14,"skipped":0,"pct":93.33},"branches":{"total":1,"covered":0,"skipped":0,"pct":0}}
,"/home/romeo/dev/my/orchid-orm/packages/rake-db/src/pull/structureToAst.ts": {"lines":{"total":102,"covered":100,"skipped":0,"pct":98.03},"functions":{"total":16,"covered":16,"skipped":0,"pct":100},"statements":{"total":105,"covered":103,"skipped":0,"pct":98.09},"branches":{"total":89,"covered":85,"skipped":0,"pct":95.5}}
}
